#
# There is insufficient memory for the Java Runtime Environment to continue.
# Native memory allocation (malloc) failed to allocate 1960832 bytes for Chunk::new
# Possible reasons:
#   The system is out of physical RAM or swap space
#   The process is running with CompressedOops enabled, and the Java Heap may be blocking the growth of the native heap
# Possible solutions:
#   Reduce memory load on the system
#   Increase physical memory or swap space
#   Check if swap backing store is full
#   Decrease Java heap size (-Xmx/-Xms)
#   Decrease number of Java threads
#   Decrease Java thread stack sizes (-Xss)
#   Set larger code cache with -XX:ReservedCodeCacheSize=
#   JVM is running with Zero Based Compressed Oops mode in which the Java heap is
#     placed in the first 32GB address space. The Java Heap base address is the
#     maximum limit for the native heap growth. Please use -XX:HeapBaseMinAddress
#     to set the Java Heap base and to place the Java Heap above 32GB virtual address.
# This output file may be truncated or incomplete.
#
#  Out of Memory Error (arena.cpp:189), pid=20024, tid=18244
#
# JRE version: Java(TM) SE Runtime Environment (17.0.1+12) (build 17.0.1+12-LTS-39)
# Java VM: Java HotSpot(TM) 64-Bit Server VM (17.0.1+12-LTS-39, mixed mode, sharing, tiered, compressed oops, compressed class ptrs, g1 gc, windows-amd64)
# No core dump will be written. Minidumps are not enabled by default on client versions of Windows
#

---------------  S U M M A R Y ------------

Command Line: -agentlib:jdwp=transport=dt_socket,address=127.0.0.1:57190,suspend=y,server=n -javaagent:C:\Users\NGNAWEN\AppData\Local\JetBrains\IdeaIC2022.2\captureAgent\debugger-agent.jar=file:/C:/Users/NGNAWEN/AppData/Local/Temp/capture.props -Dfile.encoding=UTF-8 com.belrose.microsvctwo.MicroSvcTwoApplication

Host: Intel(R) Core(TM) i7-9750H CPU @ 2.60GHz, 12 cores, 15G,  Windows 10 , 64 bit Build 22621 (10.0.22621.1344)
Time: Sat Mar 18 19:31:16 2023 Est (heure d, 64 bit Build 22621 (10.0.22621.1344) elapsed time: 10.969558 seconds (0d 0h 0m 10s)

---------------  T H R E A D  ---------------

Current thread (0x0000021c9fdcae40):  JavaThread "C2 CompilerThread1" daemon [_thread_in_native, id=18244, stack(0x00000092ac000000,0x00000092ac100000)]


Current CompileTask:
C2:  10970 2652       4       java.lang.invoke.MethodType::makeImpl (109 bytes)

Stack: [0x00000092ac000000,0x00000092ac100000]
Native frames: (J=compiled Java code, j=interpreted, Vv=VM code, C=native code)
V  [jvm.dll+0x66fa1a]
V  [jvm.dll+0x7ce5a4]
V  [jvm.dll+0x7cfd4e]
V  [jvm.dll+0x7d03b3]
V  [jvm.dll+0x242b05]
V  [jvm.dll+0xaa05b]
V  [jvm.dll+0xaa5ec]
V  [jvm.dll+0x35fa07]
V  [jvm.dll+0x1b9918]
V  [jvm.dll+0x215d49]
V  [jvm.dll+0x215011]
V  [jvm.dll+0x1a168d]
V  [jvm.dll+0x224848]
V  [jvm.dll+0x2229ac]
V  [jvm.dll+0x78435b]
V  [jvm.dll+0x77e91a]
V  [jvm.dll+0x66e845]
C  [ucrtbase.dll+0x29363]
C  [KERNEL32.DLL+0x126bd]
C  [ntdll.dll+0x5a9f8]


---------------  P R O C E S S  ---------------

Threads class SMR info:
_java_thread_list=0x0000021c9f7fc080, length=17, elements={
0x0000021cfabb87b0, 0x0000021cff6201d0, 0x0000021cff622d90, 0x0000021cff634200,
0x0000021cff634ac0, 0x0000021cff635470, 0x0000021cff635e20, 0x0000021cff63a000,
0x0000021c9f0204a0, 0x0000021c9f020e90, 0x0000021cff6091c0, 0x0000021c9f1ba060,
0x0000021c9f1cb4a0, 0x0000021c9f19e390, 0x0000021c9f1e5880, 0x0000021c9fdcae40,
0x0000021ca1ac4010
}

Java Threads: ( => current thread )
  0x0000021cfabb87b0 JavaThread "main" [_thread_in_vm, id=19576, stack(0x00000092aa100000,0x00000092aa200000)]
  0x0000021cff6201d0 JavaThread "Reference Handler" daemon [_thread_blocked, id=19460, stack(0x00000092aa800000,0x00000092aa900000)]
  0x0000021cff622d90 JavaThread "Finalizer" daemon [_thread_blocked, id=20532, stack(0x00000092aa900000,0x00000092aaa00000)]
  0x0000021cff634200 JavaThread "Signal Dispatcher" daemon [_thread_blocked, id=17120, stack(0x00000092aaa00000,0x00000092aab00000)]
  0x0000021cff634ac0 JavaThread "Attach Listener" daemon [_thread_blocked, id=19700, stack(0x00000092aab00000,0x00000092aac00000)]
  0x0000021cff635470 JavaThread "Service Thread" daemon [_thread_blocked, id=8276, stack(0x00000092aac00000,0x00000092aad00000)]
  0x0000021cff635e20 JavaThread "Monitor Deflation Thread" daemon [_thread_blocked, id=22512, stack(0x00000092aad00000,0x00000092aae00000)]
  0x0000021cff63a000 JavaThread "C2 CompilerThread0" daemon [_thread_in_native, id=22168, stack(0x00000092aae00000,0x00000092aaf00000)]
  0x0000021c9f0204a0 JavaThread "C1 CompilerThread0" daemon [_thread_blocked, id=20796, stack(0x00000092aaf00000,0x00000092ab000000)]
  0x0000021c9f020e90 JavaThread "Sweeper thread" daemon [_thread_blocked, id=18820, stack(0x00000092ab000000,0x00000092ab100000)]
  0x0000021cff6091c0 JavaThread "Common-Cleaner" daemon [_thread_blocked, id=20600, stack(0x00000092ab100000,0x00000092ab200000)]
  0x0000021c9f1ba060 JavaThread "JDWP Transport Listener: dt_socket" daemon [_thread_blocked, id=10232, stack(0x00000092ab200000,0x00000092ab300000)]
  0x0000021c9f1cb4a0 JavaThread "JDWP Event Helper Thread" daemon [_thread_blocked, id=20944, stack(0x00000092ab300000,0x00000092ab400000)]
  0x0000021c9f19e390 JavaThread "JDWP Command Reader" daemon [_thread_in_native, id=21300, stack(0x00000092ab400000,0x00000092ab500000)]
  0x0000021c9f1e5880 JavaThread "Notification Thread" daemon [_thread_blocked, id=19040, stack(0x00000092ab500000,0x00000092ab600000)]
=>0x0000021c9fdcae40 JavaThread "C2 CompilerThread1" daemon [_thread_in_native, id=18244, stack(0x00000092ac000000,0x00000092ac100000)]
  0x0000021ca1ac4010 JavaThread "C2 CompilerThread2" daemon [_thread_in_native, id=10956, stack(0x00000092ac100000,0x00000092ac200000)]

Other Threads:
  0x0000021cff619720 VMThread "VM Thread" [stack: 0x00000092aa700000,0x00000092aa800000] [id=18436]
  0x0000021cfac37710 WatcherThread [stack: 0x00000092ab600000,0x00000092ab700000] [id=16708]
  0x0000021cfac0a5e0 GCTaskThread "GC Thread#0" [stack: 0x00000092aa200000,0x00000092aa300000] [id=22240]
  0x0000021c9ffcd4b0 GCTaskThread "GC Thread#1" [stack: 0x00000092ab700000,0x00000092ab800000] [id=19676]
  0x0000021c9ffcd760 GCTaskThread "GC Thread#2" [stack: 0x00000092ab800000,0x00000092ab900000] [id=22300]
  0x0000021c9ff42710 GCTaskThread "GC Thread#3" [stack: 0x00000092ab900000,0x00000092aba00000] [id=18588]
  0x0000021c9ff429c0 GCTaskThread "GC Thread#4" [stack: 0x00000092aba00000,0x00000092abb00000] [id=22432]
  0x0000021c9f97dbd0 GCTaskThread "GC Thread#5" [stack: 0x00000092abb00000,0x00000092abc00000] [id=11120]
  0x0000021c9f7087a0 GCTaskThread "GC Thread#6" [stack: 0x00000092abc00000,0x00000092abd00000] [id=20124]
  0x0000021c9f708a50 GCTaskThread "GC Thread#7" [stack: 0x00000092abd00000,0x00000092abe00000] [id=22488]
  0x0000021ca0114830 GCTaskThread "GC Thread#8" [stack: 0x00000092abe00000,0x00000092abf00000] [id=13724]
  0x0000021ca0114ae0 GCTaskThread "GC Thread#9" [stack: 0x00000092abf00000,0x00000092ac000000] [id=9624]
  0x0000021cfac1b2d0 ConcurrentGCThread "G1 Main Marker" [stack: 0x00000092aa300000,0x00000092aa400000] [id=20188]
  0x0000021cfac1db40 ConcurrentGCThread "G1 Conc#0" [stack: 0x00000092aa400000,0x00000092aa500000] [id=22412]
  0x0000021cfac7e0b0 ConcurrentGCThread "G1 Refine#0" [stack: 0x00000092aa500000,0x00000092aa600000] [id=19972]
  0x0000021cfac7e970 ConcurrentGCThread "G1 Service" [stack: 0x00000092aa600000,0x00000092aa700000] [id=14456]

Threads with active compile tasks:
C2 CompilerThread0    11110 2809       4       org.springframework.beans.factory.support.AbstractBeanFactory::isTypeMatch (619 bytes)
C1 CompilerThread0    11111 2866       3       org.springframework.beans.factory.annotation.InitDestroyAnnotationBeanPostProcessor::lambda$buildLifecycleMetadata$1 (139 bytes)
C2 CompilerThread1    11111 2652       4       java.lang.invoke.MethodType::makeImpl (109 bytes)
C2 CompilerThread2    11111 2792   !   4       org.springframework.beans.factory.support.AbstractBeanFactory::getBeanPostProcessorCache (181 bytes)

VM state: not at safepoint (normal execution)

VM Mutex/Monitor currently owned by a thread: None

Heap address: 0x0000000703a00000, size: 4038 MB, Compressed Oops mode: Zero based, Oop shift amount: 3

CDS archive(s) mapped at: [0x0000000800000000-0x0000000800bc0000-0x0000000800bc0000), size 12320768, SharedBaseAddress: 0x0000000800000000, ArchiveRelocationMode: 0.
Compressed class space mapped at: 0x0000000800c00000-0x0000000840c00000, reserved size: 1073741824
Narrow klass base: 0x0000000800000000, Narrow klass shift: 0, Narrow klass range: 0x100000000

GC Precious Log:
 CPUs: 12 total, 12 available
 Memory: 16151M
 Large Page Support: Disabled
 NUMA Support: Disabled
 Compressed Oops: Enabled (Zero based)
 Heap Region Size: 2M
 Heap Min Capacity: 8M
 Heap Initial Capacity: 254M
 Heap Max Capacity: 4038M
 Pre-touch: Disabled
 Parallel Workers: 10
 Concurrent Workers: 3
 Concurrent Refinement Workers: 10
 Periodic GC: Disabled

Heap:
 garbage-first heap   total 260096K, used 67400K [0x0000000703a00000, 0x0000000800000000)
  region size 2048K, 32 young (65536K), 1 survivors (2048K)
 Metaspace       used 21021K, committed 21312K, reserved 1073152K
  class space    used 2574K, committed 2688K, reserved 1048576K

Heap Regions: E=young(eden), S=young(survivor), O=old, HS=humongous(starts), HC=humongous(continues), CS=collection set, F=free, OA=open archive, CA=closed archive, TAMS=top-at-mark-start (previous, next)
|   0|0x0000000703a00000, 0x0000000703c00000, 0x0000000703c00000|100%| O|  |TAMS 0x0000000703a00000, 0x0000000703a00000| Untracked 
|   1|0x0000000703c00000, 0x0000000703e00000, 0x0000000703e00000|100%| O|  |TAMS 0x0000000703c00000, 0x0000000703c00000| Untracked 
|   2|0x0000000703e00000, 0x0000000703e14a00, 0x0000000704000000|  4%| O|  |TAMS 0x0000000703e00000, 0x0000000703e00000| Untracked 
|   3|0x0000000704000000, 0x0000000704000000, 0x0000000704200000|  0%| F|  |TAMS 0x0000000704000000, 0x0000000704000000| Untracked 
|   4|0x0000000704200000, 0x0000000704200000, 0x0000000704400000|  0%| F|  |TAMS 0x0000000704200000, 0x0000000704200000| Untracked 
|   5|0x0000000704400000, 0x0000000704400000, 0x0000000704600000|  0%| F|  |TAMS 0x0000000704400000, 0x0000000704400000| Untracked 
|   6|0x0000000704600000, 0x0000000704600000, 0x0000000704800000|  0%| F|  |TAMS 0x0000000704600000, 0x0000000704600000| Untracked 
|   7|0x0000000704800000, 0x0000000704800000, 0x0000000704a00000|  0%| F|  |TAMS 0x0000000704800000, 0x0000000704800000| Untracked 
|   8|0x0000000704a00000, 0x0000000704a00000, 0x0000000704c00000|  0%| F|  |TAMS 0x0000000704a00000, 0x0000000704a00000| Untracked 
|   9|0x0000000704c00000, 0x0000000704c00000, 0x0000000704e00000|  0%| F|  |TAMS 0x0000000704c00000, 0x0000000704c00000| Untracked 
|  10|0x0000000704e00000, 0x0000000704e00000, 0x0000000705000000|  0%| F|  |TAMS 0x0000000704e00000, 0x0000000704e00000| Untracked 
|  11|0x0000000705000000, 0x0000000705000000, 0x0000000705200000|  0%| F|  |TAMS 0x0000000705000000, 0x0000000705000000| Untracked 
|  12|0x0000000705200000, 0x0000000705200000, 0x0000000705400000|  0%| F|  |TAMS 0x0000000705200000, 0x0000000705200000| Untracked 
|  13|0x0000000705400000, 0x0000000705400000, 0x0000000705600000|  0%| F|  |TAMS 0x0000000705400000, 0x0000000705400000| Untracked 
|  14|0x0000000705600000, 0x0000000705600000, 0x0000000705800000|  0%| F|  |TAMS 0x0000000705600000, 0x0000000705600000| Untracked 
|  15|0x0000000705800000, 0x0000000705800000, 0x0000000705a00000|  0%| F|  |TAMS 0x0000000705800000, 0x0000000705800000| Untracked 
|  16|0x0000000705a00000, 0x0000000705a00000, 0x0000000705c00000|  0%| F|  |TAMS 0x0000000705a00000, 0x0000000705a00000| Untracked 
|  17|0x0000000705c00000, 0x0000000705c00000, 0x0000000705e00000|  0%| F|  |TAMS 0x0000000705c00000, 0x0000000705c00000| Untracked 
|  18|0x0000000705e00000, 0x0000000705e00000, 0x0000000706000000|  0%| F|  |TAMS 0x0000000705e00000, 0x0000000705e00000| Untracked 
|  19|0x0000000706000000, 0x0000000706000000, 0x0000000706200000|  0%| F|  |TAMS 0x0000000706000000, 0x0000000706000000| Untracked 
|  20|0x0000000706200000, 0x0000000706200000, 0x0000000706400000|  0%| F|  |TAMS 0x0000000706200000, 0x0000000706200000| Untracked 
|  21|0x0000000706400000, 0x0000000706400000, 0x0000000706600000|  0%| F|  |TAMS 0x0000000706400000, 0x0000000706400000| Untracked 
|  22|0x0000000706600000, 0x0000000706600000, 0x0000000706800000|  0%| F|  |TAMS 0x0000000706600000, 0x0000000706600000| Untracked 
|  23|0x0000000706800000, 0x0000000706800000, 0x0000000706a00000|  0%| F|  |TAMS 0x0000000706800000, 0x0000000706800000| Untracked 
|  24|0x0000000706a00000, 0x0000000706a00000, 0x0000000706c00000|  0%| F|  |TAMS 0x0000000706a00000, 0x0000000706a00000| Untracked 
|  25|0x0000000706c00000, 0x0000000706c00000, 0x0000000706e00000|  0%| F|  |TAMS 0x0000000706c00000, 0x0000000706c00000| Untracked 
|  26|0x0000000706e00000, 0x0000000706e00000, 0x0000000707000000|  0%| F|  |TAMS 0x0000000706e00000, 0x0000000706e00000| Untracked 
|  27|0x0000000707000000, 0x0000000707000000, 0x0000000707200000|  0%| F|  |TAMS 0x0000000707000000, 0x0000000707000000| Untracked 
|  28|0x0000000707200000, 0x0000000707200000, 0x0000000707400000|  0%| F|  |TAMS 0x0000000707200000, 0x0000000707200000| Untracked 
|  29|0x0000000707400000, 0x0000000707400000, 0x0000000707600000|  0%| F|  |TAMS 0x0000000707400000, 0x0000000707400000| Untracked 
|  30|0x0000000707600000, 0x0000000707600000, 0x0000000707800000|  0%| F|  |TAMS 0x0000000707600000, 0x0000000707600000| Untracked 
|  31|0x0000000707800000, 0x0000000707800000, 0x0000000707a00000|  0%| F|  |TAMS 0x0000000707800000, 0x0000000707800000| Untracked 
|  32|0x0000000707a00000, 0x0000000707a00000, 0x0000000707c00000|  0%| F|  |TAMS 0x0000000707a00000, 0x0000000707a00000| Untracked 
|  33|0x0000000707c00000, 0x0000000707c00000, 0x0000000707e00000|  0%| F|  |TAMS 0x0000000707c00000, 0x0000000707c00000| Untracked 
|  34|0x0000000707e00000, 0x0000000707e00000, 0x0000000708000000|  0%| F|  |TAMS 0x0000000707e00000, 0x0000000707e00000| Untracked 
|  35|0x0000000708000000, 0x0000000708000000, 0x0000000708200000|  0%| F|  |TAMS 0x0000000708000000, 0x0000000708000000| Untracked 
|  36|0x0000000708200000, 0x0000000708200000, 0x0000000708400000|  0%| F|  |TAMS 0x0000000708200000, 0x0000000708200000| Untracked 
|  37|0x0000000708400000, 0x0000000708400000, 0x0000000708600000|  0%| F|  |TAMS 0x0000000708400000, 0x0000000708400000| Untracked 
|  38|0x0000000708600000, 0x0000000708600000, 0x0000000708800000|  0%| F|  |TAMS 0x0000000708600000, 0x0000000708600000| Untracked 
|  39|0x0000000708800000, 0x0000000708800000, 0x0000000708a00000|  0%| F|  |TAMS 0x0000000708800000, 0x0000000708800000| Untracked 
|  40|0x0000000708a00000, 0x0000000708a00000, 0x0000000708c00000|  0%| F|  |TAMS 0x0000000708a00000, 0x0000000708a00000| Untracked 
|  41|0x0000000708c00000, 0x0000000708c00000, 0x0000000708e00000|  0%| F|  |TAMS 0x0000000708c00000, 0x0000000708c00000| Untracked 
|  42|0x0000000708e00000, 0x0000000708e00000, 0x0000000709000000|  0%| F|  |TAMS 0x0000000708e00000, 0x0000000708e00000| Untracked 
|  43|0x0000000709000000, 0x0000000709000000, 0x0000000709200000|  0%| F|  |TAMS 0x0000000709000000, 0x0000000709000000| Untracked 
|  44|0x0000000709200000, 0x0000000709200000, 0x0000000709400000|  0%| F|  |TAMS 0x0000000709200000, 0x0000000709200000| Untracked 
|  45|0x0000000709400000, 0x0000000709400000, 0x0000000709600000|  0%| F|  |TAMS 0x0000000709400000, 0x0000000709400000| Untracked 
|  46|0x0000000709600000, 0x0000000709600000, 0x0000000709800000|  0%| F|  |TAMS 0x0000000709600000, 0x0000000709600000| Untracked 
|  47|0x0000000709800000, 0x0000000709800000, 0x0000000709a00000|  0%| F|  |TAMS 0x0000000709800000, 0x0000000709800000| Untracked 
|  48|0x0000000709a00000, 0x0000000709a00000, 0x0000000709c00000|  0%| F|  |TAMS 0x0000000709a00000, 0x0000000709a00000| Untracked 
|  49|0x0000000709c00000, 0x0000000709c00000, 0x0000000709e00000|  0%| F|  |TAMS 0x0000000709c00000, 0x0000000709c00000| Untracked 
|  50|0x0000000709e00000, 0x0000000709e00000, 0x000000070a000000|  0%| F|  |TAMS 0x0000000709e00000, 0x0000000709e00000| Untracked 
|  51|0x000000070a000000, 0x000000070a000000, 0x000000070a200000|  0%| F|  |TAMS 0x000000070a000000, 0x000000070a000000| Untracked 
|  52|0x000000070a200000, 0x000000070a200000, 0x000000070a400000|  0%| F|  |TAMS 0x000000070a200000, 0x000000070a200000| Untracked 
|  53|0x000000070a400000, 0x000000070a400000, 0x000000070a600000|  0%| F|  |TAMS 0x000000070a400000, 0x000000070a400000| Untracked 
|  54|0x000000070a600000, 0x000000070a600000, 0x000000070a800000|  0%| F|  |TAMS 0x000000070a600000, 0x000000070a600000| Untracked 
|  55|0x000000070a800000, 0x000000070a800000, 0x000000070aa00000|  0%| F|  |TAMS 0x000000070a800000, 0x000000070a800000| Untracked 
|  56|0x000000070aa00000, 0x000000070aa00000, 0x000000070ac00000|  0%| F|  |TAMS 0x000000070aa00000, 0x000000070aa00000| Untracked 
|  57|0x000000070ac00000, 0x000000070ac00000, 0x000000070ae00000|  0%| F|  |TAMS 0x000000070ac00000, 0x000000070ac00000| Untracked 
|  58|0x000000070ae00000, 0x000000070ae00000, 0x000000070b000000|  0%| F|  |TAMS 0x000000070ae00000, 0x000000070ae00000| Untracked 
|  59|0x000000070b000000, 0x000000070b000000, 0x000000070b200000|  0%| F|  |TAMS 0x000000070b000000, 0x000000070b000000| Untracked 
|  60|0x000000070b200000, 0x000000070b200000, 0x000000070b400000|  0%| F|  |TAMS 0x000000070b200000, 0x000000070b200000| Untracked 
|  61|0x000000070b400000, 0x000000070b400000, 0x000000070b600000|  0%| F|  |TAMS 0x000000070b400000, 0x000000070b400000| Untracked 
|  62|0x000000070b600000, 0x000000070b600000, 0x000000070b800000|  0%| F|  |TAMS 0x000000070b600000, 0x000000070b600000| Untracked 
|  63|0x000000070b800000, 0x000000070b800000, 0x000000070ba00000|  0%| F|  |TAMS 0x000000070b800000, 0x000000070b800000| Untracked 
|  64|0x000000070ba00000, 0x000000070ba00000, 0x000000070bc00000|  0%| F|  |TAMS 0x000000070ba00000, 0x000000070ba00000| Untracked 
|  65|0x000000070bc00000, 0x000000070bc00000, 0x000000070be00000|  0%| F|  |TAMS 0x000000070bc00000, 0x000000070bc00000| Untracked 
|  66|0x000000070be00000, 0x000000070be00000, 0x000000070c000000|  0%| F|  |TAMS 0x000000070be00000, 0x000000070be00000| Untracked 
|  67|0x000000070c000000, 0x000000070c000000, 0x000000070c200000|  0%| F|  |TAMS 0x000000070c000000, 0x000000070c000000| Untracked 
|  68|0x000000070c200000, 0x000000070c200000, 0x000000070c400000|  0%| F|  |TAMS 0x000000070c200000, 0x000000070c200000| Untracked 
|  69|0x000000070c400000, 0x000000070c400000, 0x000000070c600000|  0%| F|  |TAMS 0x000000070c400000, 0x000000070c400000| Untracked 
|  70|0x000000070c600000, 0x000000070c600000, 0x000000070c800000|  0%| F|  |TAMS 0x000000070c600000, 0x000000070c600000| Untracked 
|  71|0x000000070c800000, 0x000000070c800000, 0x000000070ca00000|  0%| F|  |TAMS 0x000000070c800000, 0x000000070c800000| Untracked 
|  72|0x000000070ca00000, 0x000000070ca00000, 0x000000070cc00000|  0%| F|  |TAMS 0x000000070ca00000, 0x000000070ca00000| Untracked 
|  73|0x000000070cc00000, 0x000000070cc00000, 0x000000070ce00000|  0%| F|  |TAMS 0x000000070cc00000, 0x000000070cc00000| Untracked 
|  74|0x000000070ce00000, 0x000000070ce00000, 0x000000070d000000|  0%| F|  |TAMS 0x000000070ce00000, 0x000000070ce00000| Untracked 
|  75|0x000000070d000000, 0x000000070d000000, 0x000000070d200000|  0%| F|  |TAMS 0x000000070d000000, 0x000000070d000000| Untracked 
|  76|0x000000070d200000, 0x000000070d200000, 0x000000070d400000|  0%| F|  |TAMS 0x000000070d200000, 0x000000070d200000| Untracked 
|  77|0x000000070d400000, 0x000000070d400000, 0x000000070d600000|  0%| F|  |TAMS 0x000000070d400000, 0x000000070d400000| Untracked 
|  78|0x000000070d600000, 0x000000070d600000, 0x000000070d800000|  0%| F|  |TAMS 0x000000070d600000, 0x000000070d600000| Untracked 
|  79|0x000000070d800000, 0x000000070d800000, 0x000000070da00000|  0%| F|  |TAMS 0x000000070d800000, 0x000000070d800000| Untracked 
|  80|0x000000070da00000, 0x000000070da00000, 0x000000070dc00000|  0%| F|  |TAMS 0x000000070da00000, 0x000000070da00000| Untracked 
|  81|0x000000070dc00000, 0x000000070dc00000, 0x000000070de00000|  0%| F|  |TAMS 0x000000070dc00000, 0x000000070dc00000| Untracked 
|  82|0x000000070de00000, 0x000000070de00000, 0x000000070e000000|  0%| F|  |TAMS 0x000000070de00000, 0x000000070de00000| Untracked 
|  83|0x000000070e000000, 0x000000070e000000, 0x000000070e200000|  0%| F|  |TAMS 0x000000070e000000, 0x000000070e000000| Untracked 
|  84|0x000000070e200000, 0x000000070e200000, 0x000000070e400000|  0%| F|  |TAMS 0x000000070e200000, 0x000000070e200000| Untracked 
|  85|0x000000070e400000, 0x000000070e400000, 0x000000070e600000|  0%| F|  |TAMS 0x000000070e400000, 0x000000070e400000| Untracked 
|  86|0x000000070e600000, 0x000000070e600000, 0x000000070e800000|  0%| F|  |TAMS 0x000000070e600000, 0x000000070e600000| Untracked 
|  87|0x000000070e800000, 0x000000070e800000, 0x000000070ea00000|  0%| F|  |TAMS 0x000000070e800000, 0x000000070e800000| Untracked 
|  88|0x000000070ea00000, 0x000000070ea00000, 0x000000070ec00000|  0%| F|  |TAMS 0x000000070ea00000, 0x000000070ea00000| Untracked 
|  89|0x000000070ec00000, 0x000000070ec00000, 0x000000070ee00000|  0%| F|  |TAMS 0x000000070ec00000, 0x000000070ec00000| Untracked 
|  90|0x000000070ee00000, 0x000000070ee00000, 0x000000070f000000|  0%| F|  |TAMS 0x000000070ee00000, 0x000000070ee00000| Untracked 
|  91|0x000000070f000000, 0x000000070f000000, 0x000000070f200000|  0%| F|  |TAMS 0x000000070f000000, 0x000000070f000000| Untracked 
|  92|0x000000070f200000, 0x000000070f200000, 0x000000070f400000|  0%| F|  |TAMS 0x000000070f200000, 0x000000070f200000| Untracked 
|  93|0x000000070f400000, 0x000000070f400000, 0x000000070f600000|  0%| F|  |TAMS 0x000000070f400000, 0x000000070f400000| Untracked 
|  94|0x000000070f600000, 0x000000070f600000, 0x000000070f800000|  0%| F|  |TAMS 0x000000070f600000, 0x000000070f600000| Untracked 
|  95|0x000000070f800000, 0x000000070fa00000, 0x000000070fa00000|100%| E|  |TAMS 0x000000070f800000, 0x000000070f800000| Complete 
|  96|0x000000070fa00000, 0x000000070fc00000, 0x000000070fc00000|100%| E|CS|TAMS 0x000000070fa00000, 0x000000070fa00000| Complete 
|  97|0x000000070fc00000, 0x000000070fe00000, 0x000000070fe00000|100%| E|CS|TAMS 0x000000070fc00000, 0x000000070fc00000| Complete 
|  98|0x000000070fe00000, 0x0000000710000000, 0x0000000710000000|100%| E|CS|TAMS 0x000000070fe00000, 0x000000070fe00000| Complete 
|  99|0x0000000710000000, 0x0000000710200000, 0x0000000710200000|100%| E|CS|TAMS 0x0000000710000000, 0x0000000710000000| Complete 
| 100|0x0000000710200000, 0x0000000710400000, 0x0000000710400000|100%| E|CS|TAMS 0x0000000710200000, 0x0000000710200000| Complete 
| 101|0x0000000710400000, 0x0000000710600000, 0x0000000710600000|100%| E|CS|TAMS 0x0000000710400000, 0x0000000710400000| Complete 
| 102|0x0000000710600000, 0x0000000710800000, 0x0000000710800000|100%| E|CS|TAMS 0x0000000710600000, 0x0000000710600000| Complete 
| 103|0x0000000710800000, 0x0000000710a00000, 0x0000000710a00000|100%| E|CS|TAMS 0x0000000710800000, 0x0000000710800000| Complete 
| 104|0x0000000710a00000, 0x0000000710c00000, 0x0000000710c00000|100%| E|CS|TAMS 0x0000000710a00000, 0x0000000710a00000| Complete 
| 105|0x0000000710c00000, 0x0000000710e00000, 0x0000000710e00000|100%| E|CS|TAMS 0x0000000710c00000, 0x0000000710c00000| Complete 
| 106|0x0000000710e00000, 0x0000000711000000, 0x0000000711000000|100%| E|CS|TAMS 0x0000000710e00000, 0x0000000710e00000| Complete 
| 107|0x0000000711000000, 0x0000000711200000, 0x0000000711200000|100%| E|CS|TAMS 0x0000000711000000, 0x0000000711000000| Complete 
| 108|0x0000000711200000, 0x0000000711400000, 0x0000000711400000|100%| E|CS|TAMS 0x0000000711200000, 0x0000000711200000| Complete 
| 109|0x0000000711400000, 0x0000000711600000, 0x0000000711600000|100%| E|CS|TAMS 0x0000000711400000, 0x0000000711400000| Complete 
| 110|0x0000000711600000, 0x00000007117bd908, 0x0000000711800000| 87%| S|CS|TAMS 0x0000000711600000, 0x0000000711600000| Complete 
| 111|0x0000000711800000, 0x0000000711a00000, 0x0000000711a00000|100%| E|CS|TAMS 0x0000000711800000, 0x0000000711800000| Complete 
| 112|0x0000000711a00000, 0x0000000711c00000, 0x0000000711c00000|100%| E|CS|TAMS 0x0000000711a00000, 0x0000000711a00000| Complete 
| 113|0x0000000711c00000, 0x0000000711e00000, 0x0000000711e00000|100%| E|CS|TAMS 0x0000000711c00000, 0x0000000711c00000| Complete 
| 114|0x0000000711e00000, 0x0000000712000000, 0x0000000712000000|100%| E|CS|TAMS 0x0000000711e00000, 0x0000000711e00000| Complete 
| 115|0x0000000712000000, 0x0000000712200000, 0x0000000712200000|100%| E|CS|TAMS 0x0000000712000000, 0x0000000712000000| Complete 
| 116|0x0000000712200000, 0x0000000712400000, 0x0000000712400000|100%| E|CS|TAMS 0x0000000712200000, 0x0000000712200000| Complete 
| 117|0x0000000712400000, 0x0000000712600000, 0x0000000712600000|100%| E|CS|TAMS 0x0000000712400000, 0x0000000712400000| Complete 
| 118|0x0000000712600000, 0x0000000712800000, 0x0000000712800000|100%| E|CS|TAMS 0x0000000712600000, 0x0000000712600000| Complete 
| 119|0x0000000712800000, 0x0000000712a00000, 0x0000000712a00000|100%| E|CS|TAMS 0x0000000712800000, 0x0000000712800000| Complete 
| 120|0x0000000712a00000, 0x0000000712c00000, 0x0000000712c00000|100%| E|CS|TAMS 0x0000000712a00000, 0x0000000712a00000| Complete 
| 121|0x0000000712c00000, 0x0000000712e00000, 0x0000000712e00000|100%| E|CS|TAMS 0x0000000712c00000, 0x0000000712c00000| Complete 
| 122|0x0000000712e00000, 0x0000000713000000, 0x0000000713000000|100%| E|CS|TAMS 0x0000000712e00000, 0x0000000712e00000| Complete 
| 123|0x0000000713000000, 0x0000000713200000, 0x0000000713200000|100%| E|CS|TAMS 0x0000000713000000, 0x0000000713000000| Complete 
| 124|0x0000000713200000, 0x0000000713400000, 0x0000000713400000|100%| E|CS|TAMS 0x0000000713200000, 0x0000000713200000| Complete 
| 125|0x0000000713400000, 0x0000000713600000, 0x0000000713600000|100%| E|CS|TAMS 0x0000000713400000, 0x0000000713400000| Complete 
| 126|0x0000000713600000, 0x0000000713800000, 0x0000000713800000|100%| E|CS|TAMS 0x0000000713600000, 0x0000000713600000| Complete 

Card table byte_map: [0x0000021cfb9c0000,0x0000021cfc1b0000] _byte_map_base: 0x0000021cf81a3000

Marking Bits (Prev, Next): (CMBitMap*) 0x0000021cfac0abf0, (CMBitMap*) 0x0000021cfac0ac30
 Prev Bits: [0x0000021c96730000, 0x0000021c9a648000)
 Next Bits: [0x0000021c9a650000, 0x0000021c9e568000)

Polling page: 0x0000021cf8b80000

Metaspace:

Usage:
  Non-class:     18.05 MB used.
      Class:      2.52 MB used.
       Both:     20.57 MB used.

Virtual space:
  Non-class space:       24.00 MB reserved,      18.25 MB ( 76%) committed,  3 nodes.
      Class space:        1.00 GB reserved,       2.69 MB ( <1%) committed,  1 nodes.
             Both:        1.02 GB reserved,      20.94 MB (  2%) committed. 

Chunk freelists:
   Non-Class:  1.23 MB
       Class:  1.30 MB
        Both:  2.53 MB

MaxMetaspaceSize: unlimited
CompressedClassSpaceSize: 1.00 GB
Initial GC threshold: 21.00 MB
Current GC threshold: 21.00 MB
CDS: on
MetaspaceReclaimPolicy: balanced
 - commit_granule_bytes: 65536.
 - commit_granule_words: 8192.
 - virtual_space_node_default_size: 1048576.
 - enlarge_chunks_in_place: 1.
 - new_chunks_are_fully_committed: 0.
 - uncommit_free_chunks: 1.
 - use_allocation_guard: 0.
 - handle_deallocations: 1.


Internal statistics:

num_allocs_failed_limit: 0.
num_arena_births: 370.
num_arena_deaths: 0.
num_vsnodes_births: 4.
num_vsnodes_deaths: 0.
num_space_committed: 335.
num_space_uncommitted: 0.
num_chunks_returned_to_freelist: 0.
num_chunks_taken_from_freelist: 1105.
num_chunk_merges: 0.
num_chunk_splits: 763.
num_chunks_enlarged: 585.
num_purges: 0.
num_inconsistent_stats: 0.

CodeHeap 'non-profiled nmethods': size=120000Kb used=1271Kb max_used=1271Kb free=118728Kb
 bounds [0x0000021c8f200000, 0x0000021c8f470000, 0x0000021c96730000]
CodeHeap 'profiled nmethods': size=120000Kb used=5953Kb max_used=5953Kb free=114046Kb
 bounds [0x0000021c87cd0000, 0x0000021c882b0000, 0x0000021c8f200000]
CodeHeap 'non-nmethods': size=5760Kb used=1267Kb max_used=1322Kb free=4493Kb
 bounds [0x0000021c87730000, 0x0000021c879a0000, 0x0000021c87cd0000]
 total_blobs=3340 nmethods=2844 adapters=408
 compilation: enabled
              stopped_count=0, restarted_count=0
 full_count=0

Compilation events (20 events):
Event: 10.892 Thread 0x0000021c9f0204a0 nmethod 2819 0x0000021c88281390 code [0x0000021c88281720, 0x0000021c882832d8]
Event: 10.892 Thread 0x0000021c9f0204a0 2818       3       java.lang.Class::getConstructor0 (83 bytes)
Event: 10.896 Thread 0x0000021c9f0204a0 nmethod 2818 0x0000021c88284090 code [0x0000021c88284320, 0x0000021c88284dd8]
Event: 10.896 Thread 0x0000021c9f0204a0 2820       3       jdk.internal.misc.VM::isModuleSystemInited (13 bytes)
Event: 10.897 Thread 0x0000021c9f0204a0 nmethod 2820 0x0000021c88285310 code [0x0000021c882854a0, 0x0000021c88285658]
Event: 10.897 Thread 0x0000021c9f0204a0 2817       3       jdk.internal.org.objectweb.asm.SymbolTable$Entry::<init> (18 bytes)
Event: 10.898 Thread 0x0000021c9f0204a0 nmethod 2817 0x0000021c88285710 code [0x0000021c882858c0, 0x0000021c88285a68]
Event: 10.898 Thread 0x0000021c9f0204a0 2821       3       java.lang.invoke.Invokers$Holder::linkToTargetMethod (11 bytes)
Event: 10.898 Thread 0x0000021c9f0204a0 nmethod 2821 0x0000021c88285b10 code [0x0000021c88285cc0, 0x0000021c88286118]
Event: 10.899 Thread 0x0000021c9f0204a0 2823       3       sun.reflect.generics.parser.SignatureParser::parseClassTypeSignature (118 bytes)
Event: 10.904 Thread 0x0000021c9f0204a0 nmethod 2823 0x0000021c88286210 code [0x0000021c882865c0, 0x0000021c88287b18]
Event: 10.905 Thread 0x0000021c9f0204a0 2824       3       java.lang.invoke.MemberName::asSpecial (89 bytes)
Event: 10.907 Thread 0x0000021c9f0204a0 nmethod 2824 0x0000021c88288310 code [0x0000021c88288600, 0x0000021c88289348]
Event: 10.915 Thread 0x0000021cff63a000 nmethod 2786% 0x0000021c8f33ba10 code [0x0000021c8f33bbe0, 0x0000021c8f33c590]
Event: 10.916 Thread 0x0000021cff63a000 2808       4       org.springframework.util.ClassUtils::isAssignable (84 bytes)
Event: 10.938 Thread 0x0000021cff63a000 nmethod 2808 0x0000021c8f33cb90 code [0x0000021c8f33cd20, 0x0000021c8f33d048]
Event: 10.938 Thread 0x0000021cff63a000 2809       4       org.springframework.beans.factory.support.AbstractBeanFactory::isTypeMatch (619 bytes)
Event: 10.952 Thread 0x0000021c9f0204a0 2825       3       java.lang.Class::forName (15 bytes)
Event: 10.953 Thread 0x0000021c9f0204a0 nmethod 2825 0x0000021c88289890 code [0x0000021c88289a40, 0x0000021c88289c78]
Event: 10.960 Thread 0x0000021c9f0204a0 2826   !   3       java.lang.reflect.Field::declaredAnnotations (82 bytes)

GC Heap History (4 events):
Event: 2.814 GC heap before
{Heap before GC invocations=0 (full 0):
 garbage-first heap   total 260096K, used 22528K [0x0000000703a00000, 0x0000000800000000)
  region size 2048K, 11 young (22528K), 0 survivors (0K)
 Metaspace       used 4371K, committed 4544K, reserved 1056768K
  class space    used 475K, committed 576K, reserved 1048576K
}
Event: 2.829 GC heap after
{Heap after GC invocations=1 (full 0):
 garbage-first heap   total 260096K, used 4264K [0x0000000703a00000, 0x0000000800000000)
  region size 2048K, 2 young (4096K), 2 survivors (4096K)
 Metaspace       used 4371K, committed 4544K, reserved 1056768K
  class space    used 475K, committed 576K, reserved 1048576K
}
Event: 5.331 GC heap before
{Heap before GC invocations=1 (full 0):
 garbage-first heap   total 260096K, used 32936K [0x0000000703a00000, 0x0000000800000000)
  region size 2048K, 16 young (32768K), 2 survivors (4096K)
 Metaspace       used 10364K, committed 10560K, reserved 1064960K
  class space    used 1266K, committed 1344K, reserved 1048576K
}
Event: 5.344 GC heap after
{Heap after GC invocations=2 (full 0):
 garbage-first heap   total 260096K, used 5960K [0x0000000703a00000, 0x0000000800000000)
  region size 2048K, 1 young (2048K), 1 survivors (2048K)
 Metaspace       used 10364K, committed 10560K, reserved 1064960K
  class space    used 1266K, committed 1344K, reserved 1048576K
}

Deoptimization events (20 events):
Event: 10.689 Thread 0x0000021cfabb87b0 DEOPT PACKING pc=0x0000021c8802e675 sp=0x00000092aa1fcb00
Event: 10.689 Thread 0x0000021cfabb87b0 DEOPT UNPACKING pc=0x0000021c87782b43 sp=0x00000092aa1fc030 mode 0
Event: 10.691 Thread 0x0000021cfabb87b0 DEOPT PACKING pc=0x0000021c8802e675 sp=0x00000092aa1fcb00
Event: 10.691 Thread 0x0000021cfabb87b0 DEOPT UNPACKING pc=0x0000021c87782b43 sp=0x00000092aa1fc030 mode 0
Event: 10.694 Thread 0x0000021cfabb87b0 Uncommon trap: trap_request=0xffffff45 fr.pc=0x0000021c8f25a10c relative=0x000000000000006c
Event: 10.694 Thread 0x0000021cfabb87b0 Uncommon trap: reason=unstable_if action=reinterpret pc=0x0000021c8f25a10c method=sun.net.www.ParseUtil.firstEncodeIndex(Ljava/lang/String;)I @ 51 c2
Event: 10.694 Thread 0x0000021cfabb87b0 DEOPT PACKING pc=0x0000021c8f25a10c sp=0x00000092aa1fca50
Event: 10.694 Thread 0x0000021cfabb87b0 DEOPT UNPACKING pc=0x0000021c877823a3 sp=0x00000092aa1fc9e8 mode 2
Event: 10.694 Thread 0x0000021cfabb87b0 DEOPT PACKING pc=0x0000021c87e18ef4 sp=0x00000092aa1fce20
Event: 10.694 Thread 0x0000021cfabb87b0 DEOPT UNPACKING pc=0x0000021c87782b43 sp=0x00000092aa1fc2b8 mode 1
Event: 10.694 Thread 0x0000021cfabb87b0 DEOPT PACKING pc=0x0000021c87e183dc sp=0x00000092aa1fcef0
Event: 10.694 Thread 0x0000021cfabb87b0 DEOPT UNPACKING pc=0x0000021c87782b43 sp=0x00000092aa1fc3a8 mode 1
Event: 10.695 Thread 0x0000021cfabb87b0 DEOPT PACKING pc=0x0000021c87e18ef4 sp=0x00000092aa1fcef0
Event: 10.695 Thread 0x0000021cfabb87b0 DEOPT UNPACKING pc=0x0000021c87782b43 sp=0x00000092aa1fc388 mode 1
Event: 10.695 Thread 0x0000021cfabb87b0 DEOPT PACKING pc=0x0000021c87e183dc sp=0x00000092aa1fcfc0
Event: 10.695 Thread 0x0000021cfabb87b0 DEOPT UNPACKING pc=0x0000021c87782b43 sp=0x00000092aa1fc478 mode 1
Event: 10.869 Thread 0x0000021cfabb87b0 DEOPT PACKING pc=0x0000021c8824caec sp=0x00000092aa1fe000
Event: 10.870 Thread 0x0000021cfabb87b0 DEOPT UNPACKING pc=0x0000021c87782b43 sp=0x00000092aa1fd568 mode 1
Event: 10.870 Thread 0x0000021cfabb87b0 DEOPT PACKING pc=0x0000021c8824caec sp=0x00000092aa1fe000
Event: 10.870 Thread 0x0000021cfabb87b0 DEOPT UNPACKING pc=0x0000021c87782b43 sp=0x00000092aa1fd568 mode 1

Classes unloaded (0 events):
No events

Classes redefined (0 events):
No events

Internal exceptions (20 events):
Event: 9.879 Thread 0x0000021cfabb87b0 Exception <a 'java/lang/NoSuchMethodError'{0x00000007102025f0}: 'java.lang.Object java.lang.invoke.DirectMethodHandle$Holder.invokeSpecial(java.lang.Object, java.lang.Object, java.lang.Object, java.lang.Object, java.lang.Object, java.lang.Object, java.lang.Object, java.lang.Object, java.lang.Object)'> (0x00000007102025f0) 
thrown [t:\workspace\open\src\hotspot\share\interpreter\linkResolver.cpp, line 766]
Event: 9.893 Thread 0x0000021cfabb87b0 Exception <a 'java/lang/NoSuchMethodError'{0x0000000710227ba8}: 'java.lang.Object java.lang.invoke.DirectMethodHandle$Holder.invokeSpecial(java.lang.Object, java.lang.Object, java.lang.Object, java.lang.Object, java.lang.Object, java.lang.Object, java.lang.Object, java.lang.Object, java.lang.Object, java.lang.Object, java.lang.Object, java.lang.Object, java.lang.Object, java.lang.Object)'> (0x0000000710227ba8) 
thrown [t:\workspace\open\src\hotspot\share\interpreter\linkResolver.cpp, line 766]
Event: 9.894 Thread 0x0000021cfabb87b0 Exception <a 'java/lang/NoSuchMethodError'{0x000000071022c878}: 'java.lang.Object java.lang.invoke.Invokers$Holder.invoker(java.lang.Object, java.lang.Object, java.lang.Object, java.lang.Object, java.lang.Object, java.lang.Object, java.lang.Object, java.lang.Object, java.lang.Object, java.lang.Object, java.lang.Object, java.lang.Object, java.lang.Object, java.lang.Object)'> (0x000000071022c878) 
thrown [t:\workspace\open\src\hotspot\share\interpreter\linkResolver.cpp, line 766]
Event: 9.896 Thread 0x0000021cfabb87b0 Exception <a 'java/lang/NoSuchMethodError'{0x0000000710232d20}: 'java.lang.Object java.lang.invoke.DirectMethodHandle$Holder.invokeSpecial(java.lang.Object, java.lang.Object, java.lang.Object, java.lang.Object, java.lang.Object, java.lang.Object, java.lang.Object, java.lang.Object, java.lang.Object, java.lang.Object, java.lang.Object, java.lang.Object, java.lang.Object, java.lang.Object, java.lang.Object)'> (0x0000000710232d20) 
thrown [t:\workspace\open\src\hotspot\share\interpreter\linkResolver.cpp, line
Event: 9.907 Thread 0x0000021cfabb87b0 Exception <a 'java/lang/NoSuchMethodError'{0x0000000710247fc0}: 'int java.lang.invoke.DirectMethodHandle$Holder.invokeVirtual(java.lang.Object, java.lang.Object, java.lang.Object)'> (0x0000000710247fc0) 
thrown [t:\workspace\open\src\hotspot\share\interpreter\linkResolver.cpp, line 766]
Event: 9.908 Thread 0x0000021cfabb87b0 Exception <a 'java/lang/NoSuchMethodError'{0x000000071024b878}: 'int java.lang.invoke.DirectMethodHandle$Holder.invokeVirtual(java.lang.Object, java.lang.Object)'> (0x000000071024b878) 
thrown [t:\workspace\open\src\hotspot\share\interpreter\linkResolver.cpp, line 766]
Event: 9.910 Thread 0x0000021cfabb87b0 Exception <a 'java/lang/NoSuchMethodError'{0x000000071024fa78}: 'int java.lang.invoke.DirectMethodHandle$Holder.invokeStaticInit(java.lang.Object, int, int)'> (0x000000071024fa78) 
thrown [t:\workspace\open\src\hotspot\share\interpreter\linkResolver.cpp, line 766]
Event: 9.912 Thread 0x0000021cfabb87b0 Exception <a 'java/lang/NoSuchMethodError'{0x0000000710257360}: 'int java.lang.invoke.DirectMethodHandle$Holder.invokeStaticInit(java.lang.Object, long, long)'> (0x0000000710257360) 
thrown [t:\workspace\open\src\hotspot\share\interpreter\linkResolver.cpp, line 766]
Event: 9.915 Thread 0x0000021cfabb87b0 Exception <a 'java/lang/NoSuchMethodError'{0x000000071025e1b0}: 'int java.lang.invoke.DirectMethodHandle$Holder.invokeStaticInit(java.lang.Object, float, float)'> (0x000000071025e1b0) 
thrown [t:\workspace\open\src\hotspot\share\interpreter\linkResolver.cpp, line 766]
Event: 9.917 Thread 0x0000021cfabb87b0 Exception <a 'java/lang/NoSuchMethodError'{0x0000000710265008}: 'int java.lang.invoke.DirectMethodHandle$Holder.invokeStaticInit(java.lang.Object, double, double)'> (0x0000000710265008) 
thrown [t:\workspace\open\src\hotspot\share\interpreter\linkResolver.cpp, line 766]
Event: 9.918 Thread 0x0000021cfabb87b0 Exception <a 'java/lang/NoSuchMethodError'{0x00000007102695d8}: 'int java.lang.invoke.DirectMethodHandle$Holder.invokeStatic(java.lang.Object, long)'> (0x00000007102695d8) 
thrown [t:\workspace\open\src\hotspot\share\interpreter\linkResolver.cpp, line 766]
Event: 9.937 Thread 0x0000021cfabb87b0 Exception <a 'java/lang/NoSuchMethodError'{0x000000071028e6d8}: 'int java.lang.invoke.DirectMethodHandle$Holder.invokeSpecial(java.lang.Object, java.lang.Object, int)'> (0x000000071028e6d8) 
thrown [t:\workspace\open\src\hotspot\share\interpreter\linkResolver.cpp, line 766]
Event: 9.940 Thread 0x0000021cfabb87b0 Exception <a 'java/lang/NoSuchMethodError'{0x0000000710296038}: 'int java.lang.invoke.Invokers$Holder.linkToTargetMethod(java.lang.Object, java.lang.Object)'> (0x0000000710296038) 
thrown [t:\workspace\open\src\hotspot\share\interpreter\linkResolver.cpp, line 766]
Event: 10.051 Thread 0x0000021cfabb87b0 Exception <a 'java/lang/NoSuchMethodError'{0x0000000710081ec8}: 'java.lang.Object java.lang.invoke.DirectMethodHandle$Holder.invokeSpecial(java.lang.Object, java.lang.Object, java.lang.Object, java.lang.Object, java.lang.Object, java.lang.Object, java.lang.Object, java.lang.Object, java.lang.Object, java.lang.Object)'> (0x0000000710081ec8) 
thrown [t:\workspace\open\src\hotspot\share\interpreter\linkResolver.cpp, line 766]
Event: 10.052 Thread 0x0000021cfabb87b0 Exception <a 'java/lang/NoSuchMethodError'{0x00000007100864b0}: 'java.lang.Object java.lang.invoke.Invokers$Holder.invoke_MT(java.lang.Object, java.lang.Object, java.lang.Object, java.lang.Object, java.lang.Object, java.lang.Object, java.lang.Object, java.lang.Object, java.lang.Object, java.lang.Object)'> (0x00000007100864b0) 
thrown [t:\workspace\open\src\hotspot\share\interpreter\linkResolver.cpp, line 766]
Event: 10.080 Thread 0x0000021cfabb87b0 Exception <a 'java/lang/NoSuchMethodError'{0x00000007100ca9f8}: 'java.lang.Object java.lang.invoke.DirectMethodHandle$Holder.invokeSpecial(java.lang.Object, java.lang.Object, int, java.lang.Object, java.lang.Object)'> (0x00000007100ca9f8) 
thrown [t:\workspace\open\src\hotspot\share\interpreter\linkResolver.cpp, line 766]
Event: 10.081 Thread 0x0000021cfabb87b0 Exception <a 'java/lang/NoSuchMethodError'{0x00000007100ce6a0}: 'java.lang.Object java.lang.invoke.DelegatingMethodHandle$Holder.delegate(java.lang.Object, int, java.lang.Object, java.lang.Object)'> (0x00000007100ce6a0) 
thrown [t:\workspace\open\src\hotspot\share\interpreter\linkResolver.cpp, line 766]
Event: 10.089 Thread 0x0000021cfabb87b0 Exception <a 'java/lang/NoSuchMethodError'{0x00000007100e0498}: 'int java.lang.invoke.Invokers$Holder.linkToTargetMethod(java.lang.Object, java.lang.Object, java.lang.Object)'> (0x00000007100e0498) 
thrown [t:\workspace\open\src\hotspot\share\interpreter\linkResolver.cpp, line 766]
Event: 10.308 Thread 0x0000021cfabb87b0 Exception <a 'java/lang/NoClassDefFoundError'{0x000000070fed6b38}: org/flywaydb/core/Flyway> (0x000000070fed6b38) 
thrown [t:\workspace\open\src\hotspot\share\classfile\systemDictionary.cpp, line 245]
Event: 10.309 Thread 0x0000021cfabb87b0 Exception <a 'java/lang/NoClassDefFoundError'{0x000000070fed8648}: liquibase/integration/spring/SpringLiquibase> (0x000000070fed8648) 
thrown [t:\workspace\open\src\hotspot\share\classfile\systemDictionary.cpp, line 245]

VM Operations (20 events):
Event: 5.610 Executing VM operation: HandshakeAllThreads
Event: 5.610 Executing VM operation: HandshakeAllThreads done
Event: 6.333 Executing VM operation: HandshakeAllThreads
Event: 6.333 Executing VM operation: HandshakeAllThreads done
Event: 7.339 Executing VM operation: Cleanup
Event: 7.339 Executing VM operation: Cleanup done
Event: 8.348 Executing VM operation: Cleanup
Event: 8.371 Executing VM operation: Cleanup done
Event: 9.386 Executing VM operation: Cleanup
Event: 9.386 Executing VM operation: Cleanup done
Event: 9.864 Executing VM operation: HandshakeAllThreads
Event: 9.864 Executing VM operation: HandshakeAllThreads done
Event: 10.009 Executing VM operation: HandshakeAllThreads
Event: 10.009 Executing VM operation: HandshakeAllThreads done
Event: 10.508 Executing VM operation: HandshakeAllThreads
Event: 10.508 Executing VM operation: HandshakeAllThreads done
Event: 10.508 Executing VM operation: Cleanup
Event: 10.508 Executing VM operation: Cleanup done
Event: 10.510 Executing VM operation: HandshakeAllThreads
Event: 10.511 Executing VM operation: HandshakeAllThreads done

Events (20 events):
Event: 10.928 loading class org/springframework/boot/autoconfigure/web/ServerProperties$Tomcat$Remoteip
Event: 10.928 loading class org/springframework/boot/autoconfigure/web/ServerProperties$Tomcat$Remoteip done
Event: 10.931 loading class org/springframework/boot/autoconfigure/web/ServerProperties$Jetty$Accesslog
Event: 10.931 loading class org/springframework/boot/autoconfigure/web/ServerProperties$Jetty$Accesslog done
Event: 10.933 loading class org/springframework/boot/autoconfigure/web/ServerProperties$Jetty$Accesslog$FORMAT
Event: 10.933 loading class org/springframework/boot/autoconfigure/web/ServerProperties$Jetty$Accesslog$FORMAT done
Event: 10.935 loading class org/springframework/boot/autoconfigure/web/ServerProperties$Jetty$Threads
Event: 10.935 loading class org/springframework/boot/autoconfigure/web/ServerProperties$Jetty$Threads done
Event: 10.939 loading class org/springframework/boot/autoconfigure/web/ServerProperties$Undertow$Accesslog
Event: 10.939 loading class org/springframework/boot/autoconfigure/web/ServerProperties$Undertow$Accesslog done
Event: 10.942 loading class org/springframework/boot/autoconfigure/web/ServerProperties$Undertow$Threads
Event: 10.942 loading class org/springframework/boot/autoconfigure/web/ServerProperties$Undertow$Threads done
Event: 10.944 loading class org/springframework/boot/autoconfigure/web/ServerProperties$Undertow$Options
Event: 10.944 loading class org/springframework/boot/autoconfigure/web/ServerProperties$Undertow$Options done
Event: 10.945 loading class org/springframework/boot/context/properties/NestedConfigurationProperty
Event: 10.945 loading class org/springframework/boot/context/properties/NestedConfigurationProperty done
Event: 10.947 loading class org/springframework/boot/context/properties/bind/Nested
Event: 10.947 loading class org/springframework/boot/context/properties/bind/Nested done
Event: 10.961 loading class org/springframework/core/annotation/SynthesizedMergedAnnotationInvocationHandler
Event: 10.961 loading class org/springframework/core/annotation/SynthesizedMergedAnnotationInvocationHandler done


Dynamic libraries:
0x00007ff72e2a0000 - 0x00007ff72e2b0000 	C:\Program Files\Java\jdk-17.0.1\bin\java.exe
0x00007fffe53d0000 - 0x00007fffe55e4000 	C:\WINDOWS\SYSTEM32\ntdll.dll
0x00007fffe47d0000 - 0x00007fffe4893000 	C:\WINDOWS\System32\KERNEL32.DLL
0x00007fffe2c30000 - 0x00007fffe2fcc000 	C:\WINDOWS\System32\KERNELBASE.dll
0x00007fffe2810000 - 0x00007fffe2921000 	C:\WINDOWS\System32\ucrtbase.dll
0x00007fffba950000 - 0x00007fffba968000 	C:\Program Files\Java\jdk-17.0.1\bin\jli.dll
0x00007fffba970000 - 0x00007fffba98a000 	C:\Program Files\Java\jdk-17.0.1\bin\VCRUNTIME140.dll
0x00007fffe3ad0000 - 0x00007fffe3b7e000 	C:\WINDOWS\System32\ADVAPI32.dll
0x00007fffe5280000 - 0x00007fffe5327000 	C:\WINDOWS\System32\msvcrt.dll
0x00007fffe4f60000 - 0x00007fffe5004000 	C:\WINDOWS\System32\sechost.dll
0x00007fffe4d90000 - 0x00007fffe4ea5000 	C:\WINDOWS\System32\RPCRT4.dll
0x00007fffe4b80000 - 0x00007fffe4d2d000 	C:\WINDOWS\System32\USER32.dll
0x00007fffbcd00000 - 0x00007fffbcf8e000 	C:\WINDOWS\WinSxS\amd64_microsoft.windows.common-controls_6595b64144ccf1df_6.0.22621.608_none_a9444ca7c10bb01d\COMCTL32.dll
0x00007fffe31b0000 - 0x00007fffe31d6000 	C:\WINDOWS\System32\win32u.dll
0x00007fffe5130000 - 0x00007fffe5159000 	C:\WINDOWS\System32\GDI32.dll
0x00007fffe2b10000 - 0x00007fffe2c23000 	C:\WINDOWS\System32\gdi32full.dll
0x00007fffe2fd0000 - 0x00007fffe306a000 	C:\WINDOWS\System32\msvcp_win.dll
0x00007fffda700000 - 0x00007fffda70a000 	C:\WINDOWS\SYSTEM32\VERSION.dll
0x00007fffe46a0000 - 0x00007fffe46d1000 	C:\WINDOWS\System32\IMM32.DLL
0x00007fffbb9e0000 - 0x00007fffbb9ec000 	C:\Program Files\Java\jdk-17.0.1\bin\vcruntime140_1.dll
0x00007fffba890000 - 0x00007fffba91d000 	C:\Program Files\Java\jdk-17.0.1\bin\msvcp140.dll
0x00007fffb9cc0000 - 0x00007fffba87e000 	C:\Program Files\Java\jdk-17.0.1\bin\server\jvm.dll
0x00007fffe48b0000 - 0x00007fffe48b8000 	C:\WINDOWS\System32\PSAPI.DLL
0x00007fffccfb0000 - 0x00007fffccfb9000 	C:\WINDOWS\SYSTEM32\WSOCK32.dll
0x00007fffddc60000 - 0x00007fffddc94000 	C:\WINDOWS\SYSTEM32\WINMM.dll
0x00007fffe4380000 - 0x00007fffe43f1000 	C:\WINDOWS\System32\WS2_32.dll
0x00007fffe1820000 - 0x00007fffe1838000 	C:\WINDOWS\SYSTEM32\kernel.appcore.dll
0x00007fffb9cb0000 - 0x00007fffb9cba000 	C:\Program Files\Java\jdk-17.0.1\bin\jimage.dll
0x00007fffe00e0000 - 0x00007fffe030e000 	C:\WINDOWS\SYSTEM32\DBGHELP.DLL
0x00007fffe32c0000 - 0x00007fffe3649000 	C:\WINDOWS\System32\combase.dll
0x00007fffe31e0000 - 0x00007fffe32b7000 	C:\WINDOWS\System32\OLEAUT32.dll
0x00007fffddc20000 - 0x00007fffddc52000 	C:\WINDOWS\SYSTEM32\dbgcore.DLL
0x00007fffe3070000 - 0x00007fffe30eb000 	C:\WINDOWS\System32\bcryptPrimitives.dll
0x00007fffd1340000 - 0x00007fffd137b000 	C:\Program Files\Java\jdk-17.0.1\bin\jdwp.dll
0x00007fffdb2a0000 - 0x00007fffdb2ae000 	C:\Program Files\Java\jdk-17.0.1\bin\instrument.dll
0x00007fffb9c20000 - 0x00007fffb9c45000 	C:\Program Files\Java\jdk-17.0.1\bin\java.dll
0x00007fffb9ae0000 - 0x00007fffb9af8000 	C:\Program Files\Java\jdk-17.0.1\bin\zip.dll
0x00007fffb9b40000 - 0x00007fffb9c16000 	C:\Program Files\Java\jdk-17.0.1\bin\svml.dll
0x00007fffe3b90000 - 0x00007fffe4380000 	C:\WINDOWS\System32\SHELL32.dll
0x00007fffe07d0000 - 0x00007fffe109e000 	C:\WINDOWS\SYSTEM32\windows.storage.dll
0x00007fffe0690000 - 0x00007fffe07ce000 	C:\WINDOWS\SYSTEM32\wintypes.dll
0x00007fffe48c0000 - 0x00007fffe49b1000 	C:\WINDOWS\System32\SHCORE.dll
0x00007fffe4420000 - 0x00007fffe447e000 	C:\WINDOWS\System32\shlwapi.dll
0x00007fffe2740000 - 0x00007fffe2761000 	C:\WINDOWS\SYSTEM32\profapi.dll
0x00007fffdb250000 - 0x00007fffdb25c000 	C:\Program Files\Java\jdk-17.0.1\bin\dt_socket.dll
0x00007fffe1330000 - 0x00007fffe135d000 	C:\WINDOWS\SYSTEM32\IPHLPAPI.DLL
0x00007fffe1c80000 - 0x00007fffe1ce9000 	C:\WINDOWS\system32\mswsock.dll
0x00007fffb9b20000 - 0x00007fffb9b39000 	C:\Program Files\Java\jdk-17.0.1\bin\net.dll
0x00007fffdc810000 - 0x00007fffdc93f000 	C:\WINDOWS\SYSTEM32\WINHTTP.dll
0x00007fffb9b00000 - 0x00007fffb9b15000 	C:\Program Files\Java\jdk-17.0.1\bin\nio.dll

dbghelp: loaded successfully - version: 4.0.5 - missing functions: none
symbol engine: initialized successfully - sym options: 0x614 - pdb path: .;C:\Program Files\Java\jdk-17.0.1\bin;C:\WINDOWS\SYSTEM32;C:\WINDOWS\WinSxS\amd64_microsoft.windows.common-controls_6595b64144ccf1df_6.0.22621.608_none_a9444ca7c10bb01d;C:\Program Files\Java\jdk-17.0.1\bin\server

VM Arguments:
jvm_args: -agentlib:jdwp=transport=dt_socket,address=127.0.0.1:57190,suspend=y,server=n -javaagent:C:\Users\NGNAWEN\AppData\Local\JetBrains\IdeaIC2022.2\captureAgent\debugger-agent.jar=file:/C:/Users/NGNAWEN/AppData/Local/Temp/capture.props -Dfile.encoding=UTF-8 
java_command: com.belrose.microsvctwo.MicroSvcTwoApplication
java_class_path (initial): C:\Users\NGNAWEN\IdeaProjects\micro-svc-two\target\classes;C:\Users\NGNAWEN\.m2\repository\org\springframework\boot\spring-boot-starter-web\3.0.4\spring-boot-starter-web-3.0.4.jar;C:\Users\NGNAWEN\.m2\repository\org\springframework\boot\spring-boot-starter\3.0.4\spring-boot-starter-3.0.4.jar;C:\Users\NGNAWEN\.m2\repository\org\springframework\boot\spring-boot\3.0.4\spring-boot-3.0.4.jar;C:\Users\NGNAWEN\.m2\repository\org\springframework\boot\spring-boot-autoconfigure\3.0.4\spring-boot-autoconfigure-3.0.4.jar;C:\Users\NGNAWEN\.m2\repository\org\springframework\boot\spring-boot-starter-logging\3.0.4\spring-boot-starter-logging-3.0.4.jar;C:\Users\NGNAWEN\.m2\repository\ch\qos\logback\logback-classic\1.4.5\logback-classic-1.4.5.jar;C:\Users\NGNAWEN\.m2\repository\ch\qos\logback\logback-core\1.4.5\logback-core-1.4.5.jar;C:\Users\NGNAWEN\.m2\repository\org\apache\logging\log4j\log4j-to-slf4j\2.19.0\log4j-to-slf4j-2.19.0.jar;C:\Users\NGNAWEN\.m2\repository\org\apache\logging\log4j\log4j-api\2.19.0\log4j-api-2.19.0.jar;C:\Users\NGNAWEN\.m2\repository\org\slf4j\jul-to-slf4j\2.0.6\jul-to-slf4j-2.0.6.jar;C:\Users\NGNAWEN\.m2\repository\jakarta\annotation\jakarta.annotation-api\2.1.1\jakarta.annotation-api-2.1.1.jar;C:\Users\NGNAWEN\.m2\repository\org\yaml\snakeyaml\1.33\snakeyaml-1.33.jar;C:\Users\NGNAWEN\.m2\repository\org\springframework\boot\spring-boot-starter-json\3.0.4\spring-boot-starter-json-3.0.4.jar;C:\Users\NGNAWEN\.m2\repository\com\fasterxml\jackson\core\jackson-databind\2.14.2\jackson-databind-2.14.2.jar;C:\Users\NGNAWEN\.m2\repository\com\fasterxml\jackson\core\jackson-annotations\2.14.2\jackson-annotations-2.14.2.jar;C:\Users\NGNAWEN\.m2\repository\com\fasterxml\jackson\core\jackson-core\2.14.2\jackson-core-2.14.2.jar;C:\Users\NGNAWEN\.m2\repository\com\fasterxml\jackson\datatype\jackson-datatype-jdk8\2.14.2\jackson-datatype-jdk8-2.14.2.jar;C:\Users\NGNAWEN\.m2\repository\com\fasterxml\jackson\datatype\jackson-datatype-jsr310\2.14.
Launcher Type: SUN_STANDARD

[Global flags]
     intx CICompilerCount                          = 4                                         {product} {ergonomic}
     uint ConcGCThreads                            = 3                                         {product} {ergonomic}
     uint G1ConcRefinementThreads                  = 10                                        {product} {ergonomic}
   size_t G1HeapRegionSize                         = 2097152                                   {product} {ergonomic}
    uintx GCDrainStackTargetSize                   = 64                                        {product} {ergonomic}
   size_t InitialHeapSize                          = 266338304                                 {product} {ergonomic}
   size_t MarkStackSize                            = 4194304                                   {product} {ergonomic}
   size_t MaxHeapSize                              = 4234149888                                {product} {ergonomic}
   size_t MaxNewSize                               = 2539651072                                {product} {ergonomic}
   size_t MinHeapDeltaBytes                        = 2097152                                   {product} {ergonomic}
   size_t MinHeapSize                              = 8388608                                   {product} {ergonomic}
    uintx NonNMethodCodeHeapSize                   = 5839372                                {pd product} {ergonomic}
    uintx NonProfiledCodeHeapSize                  = 122909434                              {pd product} {ergonomic}
    uintx ProfiledCodeHeapSize                     = 122909434                              {pd product} {ergonomic}
    uintx ReservedCodeCacheSize                    = 251658240                              {pd product} {ergonomic}
     bool SegmentedCodeCache                       = true                                      {product} {ergonomic}
   size_t SoftMaxHeapSize                          = 4234149888                             {manageable} {ergonomic}
     bool UseCompressedClassPointers               = true                           {product lp64_product} {ergonomic}
     bool UseCompressedOops                        = true                           {product lp64_product} {ergonomic}
     bool UseG1GC                                  = true                                      {product} {ergonomic}
     bool UseLargePagesIndividualAllocation        = false                                  {pd product} {ergonomic}

Logging:
Log output configuration:
 #0: stdout all=warning uptime,level,tags
 #1: stderr all=off uptime,level,tags

Environment Variables:
JAVA_HOME=C:\Program Files\Java\jdk-17.0.1
PATH=C:\Program Files\Java\jdk-17.0.1\bin;C:\Program Files\Common Files\Oracle\Java\javapath;C:\WINDOWS\system32;C:\WINDOWS;C:\WINDOWS\System32\Wbem;C:\WINDOWS\System32\WindowsPowerShell\v1.0\;C:\WINDOWS\System32\OpenSSH\;C:\Program Files (x86)\MySQL\MySQL Server 5.0\bin;C:\Program Files\apache-maven-3.8.1\bin;C:\TDM-GCC-32\bin;C:\Program Files\Git\cmd;C:\ProgramData\chocolatey\bin;C:\Users\NGNAWEN\AppData\Roaming\nvm;C:\Program Files\nodejs;C:\Program Files\dotnet\;C:\Program Files (x86)\dotnet\;C:\Program Files\nodejs\;C:\Program Files\Docker\Docker\resources\bin;C:\ProgramData\DockerDesktop\version-bin;C:\Program Files\Java\jdk-17.0.1\bin;C:\Users\NGNAWEN\AppData\Local\Microsoft\WindowsApps;C:\tools\gradle-6.9.1\bin;C:\tools\groovy-3.0.8\bin;C:\Users\NGNAWEN\AppData\Roaming\nvm;C:\Program Files\nodejs;C:\Users\NGNAWEN\.dotnet\tools;C:\Users\NGNAWEN\AppData\Roaming\npm;C:\Users\NGNAWEN\AppData\Local\Microsoft\WindowsApps;C:\Users\NGNAWEN\AppData\Local\GitHubDesktop\bin;C:\Users\NGNAWEN\AppData\Local\Programs\Microsoft VS Code\bin;C:\Program Files\JetBrains\IntelliJ IDEA Community Edition 2022.2\bin;;
USERNAME=NGNAWEN
OS=Windows_NT
PROCESSOR_IDENTIFIER=Intel64 Family 6 Model 158 Stepping 10, GenuineIntel



---------------  S Y S T E M  ---------------

OS:
 Windows 10 , 64 bit Build 22621 (10.0.22621.1344)
OS uptime: 0 days 3:23 hours
Hyper-V role detected

CPU: total 12 (initial active 12) (6 cores per cpu, 2 threads per core) family 6 model 158 stepping 10 microcode 0xde, cx8, cmov, fxsr, ht, mmx, 3dnowpref, sse, sse2, sse3, ssse3, sse4.1, sse4.2, popcnt, lzcnt, tsc, tscinvbit, avx, avx2, aes, erms, clmul, bmi1, bmi2, adx, fma, vzeroupper, clflush, clflushopt, hv

Memory: 4k page, system-wide physical 16151M (3394M free)
TotalPageFile size 19151M (AvailPageFile size 6M)
current process WorkingSet (physical memory assigned to process): 167M, peak: 167M
current process commit charge ("private bytes"): 409M, peak: 412M

vm_info: Java HotSpot(TM) 64-Bit Server VM (17.0.1+12-LTS-39) for windows-amd64 JRE (17.0.1+12-LTS-39), built on Sep 27 2021 18:41:35 by "mach5one" with MS VC++ 16.8 (VS2019)

END.
